1676410144.911360 client started (264104): version 3.2a, socket /tmp/tmux-1000/default, protocol 8
1676410144.911427 on Linux 5.15.0-60-generic #66-Ubuntu SMP Fri Jan 20 14:29:49 UTC 2023
1676410144.911443 using libevent 2.1.12-stable (poll); ncurses 6.3
1676410144.911508 flags are 0x10010000
1676410144.911521 socket is /tmp/tmux-1000/default
1676410144.911547 trying connect
1676410144.911743 add peer 0x560ce346dd30: 6 ((nil))
1676410144.912639 sending message 100 to peer 0x560ce346dd30 (4 bytes)
1676410144.912664 sending message 111 to peer 0x560ce346dd30 (8 bytes)
1676410144.912678 sending message 101 to peer 0x560ce346dd30 (15 bytes)
1676410144.912691 sending message 109 to peer 0x560ce346dd30 (4 bytes)
1676410144.912703 sending message 102 to peer 0x560ce346dd30 (11 bytes)
1676410144.912716 sending message 108 to peer 0x560ce346dd30 (23 bytes)
1676410144.912729 sending message 112 to peer 0x560ce346dd30 (58 bytes)
1676410144.912742 sending message 112 to peer 0x560ce346dd30 (5 bytes)
1676410144.912755 sending message 112 to peer 0x560ce346dd30 (5 bytes)
1676410144.912767 sending message 112 to peer 0x560ce346dd30 (6 bytes)
1676410144.912780 sending message 112 to peer 0x560ce346dd30 (6 bytes)
1676410144.912792 sending message 112 to peer 0x560ce346dd30 (11 bytes)
1676410144.912804 sending message 112 to peer 0x560ce346dd30 (10 bytes)
1676410144.912817 sending message 112 to peer 0x560ce346dd30 (13 bytes)
1676410144.912829 sending message 112 to peer 0x560ce346dd30 (14 bytes)
1676410144.912841 sending message 112 to peer 0x560ce346dd30 (19 bytes)
1676410144.912853 sending message 112 to peer 0x560ce346dd30 (11 bytes)
1676410144.912865 sending message 112 to peer 0x560ce346dd30 (10 bytes)
1676410144.912878 sending message 112 to peer 0x560ce346dd30 (15 bytes)
1676410144.912890 sending message 112 to peer 0x560ce346dd30 (21 bytes)
1676410144.912903 sending message 112 to peer 0x560ce346dd30 (13 bytes)
1676410144.912915 sending message 112 to peer 0x560ce346dd30 (7 bytes)
1676410144.912929 sending message 112 to peer 0x560ce346dd30 (13 bytes)
1676410144.912941 sending message 112 to peer 0x560ce346dd30 (7 bytes)
1676410144.912954 sending message 112 to peer 0x560ce346dd30 (13 bytes)
1676410144.912967 sending message 112 to peer 0x560ce346dd30 (9 bytes)
1676410144.912979 sending message 112 to peer 0x560ce346dd30 (21 bytes)
1676410144.912991 sending message 112 to peer 0x560ce346dd30 (13 bytes)
1676410144.913003 sending message 112 to peer 0x560ce346dd30 (9 bytes)
1676410144.913015 sending message 112 to peer 0x560ce346dd30 (16 bytes)
1676410144.913027 sending message 112 to peer 0x560ce346dd30 (13 bytes)
1676410144.913039 sending message 112 to peer 0x560ce346dd30 (9 bytes)
1676410144.913052 sending message 112 to peer 0x560ce346dd30 (9 bytes)
1676410144.913064 sending message 112 to peer 0x560ce346dd30 (12 bytes)
1676410144.913076 sending message 112 to peer 0x560ce346dd30 (8 bytes)
1676410144.913088 sending message 112 to peer 0x560ce346dd30 (8 bytes)
1676410144.913100 sending message 112 to peer 0x560ce346dd30 (13 bytes)
1676410144.913113 sending message 112 to peer 0x560ce346dd30 (7 bytes)
1676410144.913125 sending message 112 to peer 0x560ce346dd30 (7 bytes)
1676410144.913137 sending message 112 to peer 0x560ce346dd30 (9 bytes)
1676410144.913149 sending message 112 to peer 0x560ce346dd30 (9 bytes)
1676410144.913161 sending message 112 to peer 0x560ce346dd30 (15 bytes)
1676410144.913173 sending message 112 to peer 0x560ce346dd30 (13 bytes)
1676410144.913186 sending message 112 to peer 0x560ce346dd30 (12 bytes)
1676410144.913198 sending message 112 to peer 0x560ce346dd30 (8 bytes)
1676410144.913211 sending message 112 to peer 0x560ce346dd30 (14 bytes)
1676410144.913224 sending message 112 to peer 0x560ce346dd30 (11 bytes)
1676410144.913236 sending message 112 to peer 0x560ce346dd30 (9 bytes)
1676410144.913249 sending message 112 to peer 0x560ce346dd30 (10 bytes)
1676410144.913261 sending message 112 to peer 0x560ce346dd30 (10 bytes)
1676410144.913273 sending message 112 to peer 0x560ce346dd30 (10 bytes)
1676410144.913285 sending message 112 to peer 0x560ce346dd30 (10 bytes)
1676410144.913315 sending message 112 to peer 0x560ce346dd30 (11 bytes)
1676410144.913328 sending message 112 to peer 0x560ce346dd30 (12 bytes)
1676410144.913340 sending message 112 to peer 0x560ce346dd30 (12 bytes)
1676410144.913352 sending message 112 to peer 0x560ce346dd30 (12 bytes)
1676410144.913364 sending message 112 to peer 0x560ce346dd30 (12 bytes)
1676410144.913376 sending message 112 to peer 0x560ce346dd30 (12 bytes)
1676410144.913389 sending message 112 to peer 0x560ce346dd30 (11 bytes)
1676410144.913401 sending message 112 to peer 0x560ce346dd30 (11 bytes)
1676410144.913413 sending message 112 to peer 0x560ce346dd30 (12 bytes)
1676410144.913425 sending message 112 to peer 0x560ce346dd30 (12 bytes)
1676410144.913438 sending message 112 to peer 0x560ce346dd30 (12 bytes)
1676410144.913450 sending message 112 to peer 0x560ce346dd30 (12 bytes)
1676410144.913462 sending message 112 to peer 0x560ce346dd30 (12 bytes)
1676410144.913474 sending message 112 to peer 0x560ce346dd30 (9 bytes)
1676410144.913486 sending message 112 to peer 0x560ce346dd30 (12 bytes)
1676410144.913498 sending message 112 to peer 0x560ce346dd30 (13 bytes)
1676410144.913510 sending message 112 to peer 0x560ce346dd30 (13 bytes)
1676410144.913522 sending message 112 to peer 0x560ce346dd30 (13 bytes)
1676410144.913535 sending message 112 to peer 0x560ce346dd30 (13 bytes)
1676410144.913547 sending message 112 to peer 0x560ce346dd30 (13 bytes)
1676410144.913559 sending message 112 to peer 0x560ce346dd30 (8 bytes)
1676410144.913571 sending message 112 to peer 0x560ce346dd30 (11 bytes)
1676410144.913583 sending message 112 to peer 0x560ce346dd30 (11 bytes)
1676410144.913595 sending message 112 to peer 0x560ce346dd30 (11 bytes)
1676410144.913607 sending message 112 to peer 0x560ce346dd30 (12 bytes)
1676410144.913619 sending message 112 to peer 0x560ce346dd30 (12 bytes)
1676410144.913632 sending message 112 to peer 0x560ce346dd30 (12 bytes)
1676410144.913644 sending message 112 to peer 0x560ce346dd30 (12 bytes)
1676410144.913656 sending message 112 to peer 0x560ce346dd30 (13 bytes)
1676410144.913668 sending message 112 to peer 0x560ce346dd30 (13 bytes)
1676410144.913680 sending message 112 to peer 0x560ce346dd30 (13 bytes)
1676410144.913693 sending message 112 to peer 0x560ce346dd30 (8 bytes)
1676410144.913705 sending message 112 to peer 0x560ce346dd30 (13 bytes)
1676410144.913717 sending message 112 to peer 0x560ce346dd30 (13 bytes)
1676410144.913729 sending message 112 to peer 0x560ce346dd30 (13 bytes)
1676410144.913742 sending message 112 to peer 0x560ce346dd30 (13 bytes)
1676410144.913754 sending message 112 to peer 0x560ce346dd30 (13 bytes)
1676410144.913766 sending message 112 to peer 0x560ce346dd30 (12 bytes)
1676410144.913778 sending message 112 to peer 0x560ce346dd30 (12 bytes)
1676410144.913791 sending message 112 to peer 0x560ce346dd30 (12 bytes)
1676410144.913803 sending message 112 to peer 0x560ce346dd30 (12 bytes)
1676410144.913815 sending message 112 to peer 0x560ce346dd30 (13 bytes)
1676410144.913828 sending message 112 to peer 0x560ce346dd30 (8 bytes)
1676410144.913840 sending message 112 to peer 0x560ce346dd30 (13 bytes)
1676410144.913852 sending message 112 to peer 0x560ce346dd30 (13 bytes)
1676410144.913864 sending message 112 to peer 0x560ce346dd30 (13 bytes)
1676410144.913876 sending message 112 to peer 0x560ce346dd30 (13 bytes)
1676410144.913888 sending message 112 to peer 0x560ce346dd30 (13 bytes)
1676410144.913900 sending message 112 to peer 0x560ce346dd30 (13 bytes)
1676410144.913913 sending message 112 to peer 0x560ce346dd30 (13 bytes)
1676410144.913925 sending message 112 to peer 0x560ce346dd30 (12 bytes)
1676410144.913938 sending message 112 to peer 0x560ce346dd30 (12 bytes)
1676410144.913950 sending message 112 to peer 0x560ce346dd30 (12 bytes)
1676410144.913963 sending message 112 to peer 0x560ce346dd30 (8 bytes)
1676410144.913975 sending message 112 to peer 0x560ce346dd30 (12 bytes)
1676410144.913987 sending message 112 to peer 0x560ce346dd30 (13 bytes)
1676410144.913999 sending message 112 to peer 0x560ce346dd30 (13 bytes)
1676410144.914024 sending message 112 to peer 0x560ce346dd30 (13 bytes)
1676410144.914036 sending message 112 to peer 0x560ce346dd30 (13 bytes)
1676410144.914048 sending message 112 to peer 0x560ce346dd30 (13 bytes)
1676410144.914060 sending message 112 to peer 0x560ce346dd30 (13 bytes)
1676410144.914072 sending message 112 to peer 0x560ce346dd30 (13 bytes)
1676410144.914084 sending message 112 to peer 0x560ce346dd30 (13 bytes)
1676410144.914096 sending message 112 to peer 0x560ce346dd30 (12 bytes)
1676410144.914109 sending message 112 to peer 0x560ce346dd30 (10 bytes)
1676410144.914121 sending message 112 to peer 0x560ce346dd30 (12 bytes)
1676410144.914133 sending message 112 to peer 0x560ce346dd30 (12 bytes)
1676410144.914145 sending message 112 to peer 0x560ce346dd30 (12 bytes)
1676410144.914157 sending message 112 to peer 0x560ce346dd30 (13 bytes)
1676410144.914169 sending message 112 to peer 0x560ce346dd30 (13 bytes)
1676410144.914181 sending message 112 to peer 0x560ce346dd30 (13 bytes)
1676410144.914194 sending message 112 to peer 0x560ce346dd30 (13 bytes)
1676410144.914206 sending message 112 to peer 0x560ce346dd30 (13 bytes)
1676410144.914218 sending message 112 to peer 0x560ce346dd30 (13 bytes)
1676410144.914230 sending message 112 to peer 0x560ce346dd30 (13 bytes)
1676410144.914242 sending message 112 to peer 0x560ce346dd30 (10 bytes)
1676410144.914254 sending message 112 to peer 0x560ce346dd30 (13 bytes)
1676410144.914267 sending message 112 to peer 0x560ce346dd30 (12 bytes)
1676410144.914279 sending message 112 to peer 0x560ce346dd30 (12 bytes)
1676410144.914291 sending message 112 to peer 0x560ce346dd30 (12 bytes)
1676410144.914303 sending message 112 to peer 0x560ce346dd30 (10 bytes)
1676410144.914315 sending message 112 to peer 0x560ce346dd30 (10 bytes)
1676410144.914327 sending message 112 to peer 0x560ce346dd30 (10 bytes)
1676410144.914339 sending message 112 to peer 0x560ce346dd30 (12 bytes)
1676410144.914352 sending message 112 to peer 0x560ce346dd30 (13 bytes)
1676410144.914364 sending message 112 to peer 0x560ce346dd30 (13 bytes)
1676410144.914376 sending message 112 to peer 0x560ce346dd30 (13 bytes)
1676410144.914388 sending message 112 to peer 0x560ce346dd30 (13 bytes)
1676410144.914400 sending message 112 to peer 0x560ce346dd30 (13 bytes)
1676410144.914412 sending message 112 to peer 0x560ce346dd30 (10 bytes)
1676410144.914424 sending message 112 to peer 0x560ce346dd30 (11 bytes)
1676410144.914436 sending message 112 to peer 0x560ce346dd30 (12 bytes)
1676410144.914448 sending message 112 to peer 0x560ce346dd30 (12 bytes)
1676410144.914460 sending message 112 to peer 0x560ce346dd30 (12 bytes)
1676410144.914472 sending message 112 to peer 0x560ce346dd30 (12 bytes)
1676410144.914485 sending message 112 to peer 0x560ce346dd30 (12 bytes)
1676410144.914519 sending message 112 to peer 0x560ce346dd30 (11 bytes)
1676410144.914534 sending message 112 to peer 0x560ce346dd30 (12 bytes)
1676410144.914546 sending message 112 to peer 0x560ce346dd30 (12 bytes)
1676410144.914558 sending message 112 to peer 0x560ce346dd30 (13 bytes)
1676410144.914570 sending message 112 to peer 0x560ce346dd30 (13 bytes)
1676410144.914586 sending message 112 to peer 0x560ce346dd30 (13 bytes)
1676410144.914598 sending message 112 to peer 0x560ce346dd30 (13 bytes)
1676410144.914610 sending message 112 to peer 0x560ce346dd30 (13 bytes)
1676410144.914622 sending message 112 to peer 0x560ce346dd30 (10 bytes)
1676410144.914635 sending message 112 to peer 0x560ce346dd30 (9 bytes)
1676410144.914647 sending message 112 to peer 0x560ce346dd30 (12 bytes)
1676410144.914659 sending message 112 to peer 0x560ce346dd30 (13 bytes)
1676410144.914671 sending message 112 to peer 0x560ce346dd30 (13 bytes)
1676410144.914684 sending message 112 to peer 0x560ce346dd30 (13 bytes)
1676410144.914696 sending message 112 to peer 0x560ce346dd30 (13 bytes)
1676410144.914708 sending message 112 to peer 0x560ce346dd30 (13 bytes)
1676410144.914720 sending message 112 to peer 0x560ce346dd30 (9 bytes)
1676410144.914732 sending message 112 to peer 0x560ce346dd30 (12 bytes)
1676410144.914755 sending message 112 to peer 0x560ce346dd30 (13 bytes)
1676410144.914767 sending message 112 to peer 0x560ce346dd30 (13 bytes)
1676410144.914779 sending message 112 to peer 0x560ce346dd30 (13 bytes)
1676410144.914791 sending message 112 to peer 0x560ce346dd30 (13 bytes)
1676410144.914803 sending message 112 to peer 0x560ce346dd30 (13 bytes)
1676410144.914815 sending message 112 to peer 0x560ce346dd30 (11 bytes)
1676410144.914834 sending message 112 to peer 0x560ce346dd30 (12 bytes)
1676410144.914847 sending message 112 to peer 0x560ce346dd30 (13 bytes)
1676410144.914859 sending message 112 to peer 0x560ce346dd30 (13 bytes)
1676410144.914870 sending message 112 to peer 0x560ce346dd30 (13 bytes)
1676410144.914882 sending message 112 to peer 0x560ce346dd30 (13 bytes)
1676410144.914894 sending message 112 to peer 0x560ce346dd30 (13 bytes)
1676410144.914906 sending message 112 to peer 0x560ce346dd30 (11 bytes)
1676410144.914918 sending message 112 to peer 0x560ce346dd30 (12 bytes)
1676410144.914930 sending message 112 to peer 0x560ce346dd30 (12 bytes)
1676410144.914942 sending message 112 to peer 0x560ce346dd30 (12 bytes)
1676410144.914953 sending message 112 to peer 0x560ce346dd30 (12 bytes)
1676410144.914965 sending message 112 to peer 0x560ce346dd30 (12 bytes)
1676410144.914977 sending message 112 to peer 0x560ce346dd30 (21 bytes)
1676410144.914989 sending message 112 to peer 0x560ce346dd30 (12 bytes)
1676410144.915001 sending message 112 to peer 0x560ce346dd30 (9 bytes)
1676410144.915013 sending message 112 to peer 0x560ce346dd30 (6 bytes)
1676410144.915032 sending message 112 to peer 0x560ce346dd30 (13 bytes)
1676410144.915044 sending message 112 to peer 0x560ce346dd30 (10 bytes)
1676410144.915055 sending message 112 to peer 0x560ce346dd30 (24 bytes)
1676410144.915067 sending message 112 to peer 0x560ce346dd30 (13 bytes)
1676410144.915079 sending message 112 to peer 0x560ce346dd30 (9 bytes)
1676410144.915091 sending message 112 to peer 0x560ce346dd30 (70 bytes)
1676410144.915103 sending message 112 to peer 0x560ce346dd30 (69 bytes)
1676410144.915115 sending message 112 to peer 0x560ce346dd30 (12 bytes)
1676410144.915127 sending message 112 to peer 0x560ce346dd30 (10 bytes)
1676410144.915139 sending message 112 to peer 0x560ce346dd30 (10 bytes)
1676410144.915150 sending message 112 to peer 0x560ce346dd30 (24 bytes)
1676410144.915162 sending message 112 to peer 0x560ce346dd30 (13 bytes)
1676410144.915174 sending message 112 to peer 0x560ce346dd30 (10 bytes)
1676410144.915186 sending message 112 to peer 0x560ce346dd30 (10 bytes)
1676410144.915197 sending message 112 to peer 0x560ce346dd30 (10 bytes)
1676410144.915209 sending message 112 to peer 0x560ce346dd30 (13 bytes)
1676410144.915227 sending message 112 to peer 0x560ce346dd30 (15 bytes)
1676410144.915239 sending message 112 to peer 0x560ce346dd30 (5 bytes)
1676410144.915255 sending message 104 to peer 0x560ce346dd30 (0 bytes)
1676410144.915270 sending message 110 to peer 0x560ce346dd30 (0 bytes)
1676410144.915285 sending message 107 to peer 0x560ce346dd30 (4 bytes)
1676410144.915297 sending message 105 to peer 0x560ce346dd30 (16 bytes)
1676410144.915309 sending message 105 to peer 0x560ce346dd30 (84 bytes)
1676410144.915321 sending message 105 to peer 0x560ce346dd30 (19 bytes)
1676410144.915333 sending message 105 to peer 0x560ce346dd30 (20 bytes)
1676410144.915345 sending message 105 to peer 0x560ce346dd30 (45 bytes)
1676410144.915357 sending message 105 to peer 0x560ce346dd30 (33 bytes)
1676410144.915369 sending message 105 to peer 0x560ce346dd30 (59 bytes)
1676410144.915381 sending message 105 to peer 0x560ce346dd30 (23 bytes)
1676410144.915393 sending message 105 to peer 0x560ce346dd30 (26 bytes)
1676410144.915405 sending message 105 to peer 0x560ce346dd30 (44 bytes)
1676410144.915423 sending message 105 to peer 0x560ce346dd30 (38 bytes)
1676410144.915436 sending message 105 to peer 0x560ce346dd30 (18 bytes)
1676410144.915448 sending message 105 to peer 0x560ce346dd30 (32 bytes)
1676410144.915460 sending message 105 to peer 0x560ce346dd30 (41 bytes)
1676410144.915481 sending message 105 to peer 0x560ce346dd30 (20 bytes)
1676410144.915494 sending message 105 to peer 0x560ce346dd30 (23 bytes)
1676410144.915505 sending message 105 to peer 0x560ce346dd30 (28 bytes)
1676410144.915517 sending message 105 to peer 0x560ce346dd30 (27 bytes)
1676410144.915529 sending message 105 to peer 0x560ce346dd30 (27 bytes)
1676410144.915541 sending message 105 to peer 0x560ce346dd30 (12 bytes)
1676410144.915553 sending message 105 to peer 0x560ce346dd30 (21 bytes)
1676410144.915565 sending message 105 to peer 0x560ce346dd30 (52 bytes)
1676410144.915577 sending message 105 to peer 0x560ce346dd30 (22 bytes)
1676410144.915588 sending message 105 to peer 0x560ce346dd30 (41 bytes)
1676410144.915600 sending message 105 to peer 0x560ce346dd30 (33 bytes)
1676410144.915612 sending message 105 to peer 0x560ce346dd30 (13 bytes)
1676410144.915631 sending message 105 to peer 0x560ce346dd30 (15 bytes)
1676410144.915643 sending message 105 to peer 0x560ce346dd30 (13 bytes)
1676410144.915655 sending message 105 to peer 0x560ce346dd30 (17 bytes)
1676410144.915667 sending message 105 to peer 0x560ce346dd30 (1519 bytes)
1676410144.915730 sending message 105 to peer 0x560ce346dd30 (33 bytes)
1676410144.915745 sending message 105 to peer 0x560ce346dd30 (17 bytes)
1676410144.915757 sending message 105 to peer 0x560ce346dd30 (47 bytes)
1676410144.915769 sending message 105 to peer 0x560ce346dd30 (16 bytes)
1676410144.915781 sending message 105 to peer 0x560ce346dd30 (24 bytes)
1676410144.915794 sending message 105 to peer 0x560ce346dd30 (23 bytes)
1676410144.915806 sending message 105 to peer 0x560ce346dd30 (23 bytes)
1676410144.915818 sending message 105 to peer 0x560ce346dd30 (20 bytes)
1676410144.915831 sending message 105 to peer 0x560ce346dd30 (9 bytes)
1676410144.915843 sending message 105 to peer 0x560ce346dd30 (14 bytes)
1676410144.915855 sending message 105 to peer 0x560ce346dd30 (11 bytes)
1676410144.915868 sending message 105 to peer 0x560ce346dd30 (8 bytes)
1676410144.915880 sending message 105 to peer 0x560ce346dd30 (14 bytes)
1676410144.915892 sending message 105 to peer 0x560ce346dd30 (18 bytes)
1676410144.915904 sending message 105 to peer 0x560ce346dd30 (31 bytes)
1676410144.915917 sending message 105 to peer 0x560ce346dd30 (23 bytes)
1676410144.915929 sending message 105 to peer 0x560ce346dd30 (178 bytes)
1676410144.915942 sending message 105 to peer 0x560ce346dd30 (198 bytes)
1676410144.915954 sending message 105 to peer 0x560ce346dd30 (18 bytes)
1676410144.915967 sending message 105 to peer 0x560ce346dd30 (54 bytes)
1676410144.915979 sending message 105 to peer 0x560ce346dd30 (50 bytes)
1676410144.915992 sending message 105 to peer 0x560ce346dd30 (37 bytes)
1676410144.916004 sending message 105 to peer 0x560ce346dd30 (64 bytes)
1676410144.916017 sending message 105 to peer 0x560ce346dd30 (18 bytes)
1676410144.916029 sending message 105 to peer 0x560ce346dd30 (16 bytes)
1676410144.916041 sending message 106 to peer 0x560ce346dd30 (0 bytes)
1676410144.916064 sending message 200 to peer 0x560ce346dd30 (4 bytes)
1676410144.916076 client loop enter
1676410144.917510 peer 0x560ce346dd30 message 303
1676410144.917538 open write file 2 -
1676410144.917568 sending message 305 to peer 0x560ce346dd30 (8 bytes)
1676410144.917597 write check file 2
1676410144.918077 peer 0x560ce346dd30 message 304
1676410144.918105 write 58 to file 2
1676410144.918123 peer 0x560ce346dd30 message 203
1676410144.918135 file 2 58 bytes left
1676410144.918178 write check file 2
1676410144.918191 client loop exit
